--- Copying files at Mon May 12 11:31:09 UTC 2025
--- Copied files finished at Mon May 12 11:31:09 UTC 2025
--- Copying files at Mon May 12 11:43:34 UTC 2025
--- Copied files finished at Mon May 12 11:43:34 UTC 2025
--- Copying files at Mon May 12 12:06:27 UTC 2025
--- Copied files finished at Mon May 12 12:06:27 UTC 2025
--- Copying files at Mon May 12 12:11:55 UTC 2025
--- Copied files finished at Mon May 12 12:11:55 UTC 2025
--- Copying files at Mon May 12 12:21:43 UTC 2025
--- Copied files finished at Mon May 12 12:21:43 UTC 2025
--- Copying files at Mon May 12 12:25:26 UTC 2025
--- Copied files finished at Mon May 12 12:25:26 UTC 2025
--- Copying files at Mon May 12 12:33:14 UTC 2025
--- Copied files finished at Mon May 12 12:33:14 UTC 2025
--- Copying files at Mon May 12 12:35:30 UTC 2025
--- Copied files finished at Mon May 12 12:35:30 UTC 2025
--- Copying files at Mon May 12 12:36:44 UTC 2025
--- Copied files finished at Mon May 12 12:36:44 UTC 2025
--- Copying files at Mon May 12 12:39:02 UTC 2025
--- Copied files finished at Mon May 12 12:39:02 UTC 2025
--- Copying files at Mon May 12 12:41:27 UTC 2025
--- Copied files finished at Mon May 12 12:41:27 UTC 2025
--- Copying files at Mon May 12 12:42:09 UTC 2025
--- Copied files finished at Mon May 12 12:42:09 UTC 2025
--- Copying files at Mon May 12 12:42:33 UTC 2025
--- Copied files finished at Mon May 12 12:42:33 UTC 2025
--- Copying files at Mon May 12 12:46:30 UTC 2025
--- Copied files finished at Mon May 12 12:46:30 UTC 2025
--- Copying files at Mon May 12 12:54:50 UTC 2025
--- Copied files finished at Mon May 12 12:54:50 UTC 2025
--- Copying files at Mon May 12 13:01:07 UTC 2025
--- Copied files finished at Mon May 12 13:01:07 UTC 2025
--- Copying files at Mon May 12 13:12:14 UTC 2025
--- Copied files finished at Mon May 12 13:12:14 UTC 2025
--- Copying files at Mon May 12 13:14:48 UTC 2025
--- Copied files finished at Mon May 12 13:14:48 UTC 2025
--- Copying files at Mon May 12 13:18:30 UTC 2025
--- Copied files finished at Mon May 12 13:18:30 UTC 2025
--- Copying files at Mon May 12 13:25:53 UTC 2025
--- Copied files finished at Mon May 12 13:25:53 UTC 2025
--- Copying files at Mon May 12 13:31:23 UTC 2025
--- Copied files finished at Mon May 12 13:31:23 UTC 2025
--- Copying files at Mon May 12 13:39:19 UTC 2025
--- Copied files finished at Mon May 12 13:39:19 UTC 2025
--- Copying files at Mon May 12 13:59:00 UTC 2025
--- Copied files finished at Mon May 12 13:59:00 UTC 2025
--- Copying files at Mon May 12 14:52:07 UTC 2025
--- Copied files finished at Mon May 12 14:52:07 UTC 2025
--- Copying files at Tue May 13 06:46:33 UTC 2025
--- Copied files finished at Tue May 13 06:46:33 UTC 2025
--- Copying files at Tue May 13 07:33:39 UTC 2025
--- Copied files finished at Tue May 13 07:33:39 UTC 2025
--- Copying files at Tue May 13 07:41:24 UTC 2025
--- Copied files finished at Tue May 13 07:41:24 UTC 2025
--- Copying files at Tue May 13 08:19:15 UTC 2025
--- Copied files finished at Tue May 13 08:19:15 UTC 2025
--- Copying files at Tue May 13 08:24:12 UTC 2025
--- Copied files finished at Tue May 13 08:24:12 UTC 2025
--- Copying files at Tue May 13 09:19:38 UTC 2025
--- Copied files finished at Tue May 13 09:19:38 UTC 2025
--- Copying files at Tue May 13 09:23:32 UTC 2025
--- Copied files finished at Tue May 13 09:23:32 UTC 2025
--- Copying files at Tue May 13 09:28:33 UTC 2025
--- Copied files finished at Tue May 13 09:28:33 UTC 2025
--- Copying files at Tue May 13 09:36:55 UTC 2025
--- Copied files finished at Tue May 13 09:36:55 UTC 2025
--- Copying files at Tue May 13 09:52:26 UTC 2025
--- Copied files finished at Tue May 13 09:52:26 UTC 2025
--- Copying files at Tue May 13 10:14:31 UTC 2025
--- Copied files finished at Tue May 13 10:14:32 UTC 2025
--- Copying files at Tue May 13 10:26:02 UTC 2025
--- Copied files finished at Tue May 13 10:26:02 UTC 2025
--- Copying files at Tue May 13 10:49:15 UTC 2025
--- Copied files finished at Tue May 13 10:49:15 UTC 2025
--- Copying files at Tue May 13 11:03:18 UTC 2025
--- Copied files finished at Tue May 13 11:03:18 UTC 2025
--- Copying files at Tue May 13 11:10:17 UTC 2025
--- Copied files finished at Tue May 13 11:10:17 UTC 2025
--- Copying files at Tue May 13 11:16:29 UTC 2025
--- Copied files finished at Tue May 13 11:16:29 UTC 2025
--- Copying files at Wed May 14 11:02:53 UTC 2025
--- Copied files finished at Wed May 14 11:02:53 UTC 2025
